{"./src/wreqr.js":{"path":"./src/wreqr.js","s":{"1":1,"2":1,"3":1},"b":{},"f":{"1":1},"fnMap":{"1":{"name":"(anonymous_1)","line":1,"loc":{"start":{"line":1,"column":18},"end":{"line":1,"column":51}}}},"statementMap":{"1":{"start":{"line":1,"column":0},"end":{"line":12,"column":37}},"2":{"start":{"line":3,"column":2},"end":{"line":3,"column":17}},"3":{"start":{"line":11,"column":2},"end":{"line":11,"column":15}}},"branchMap":{}},"./spec/javascripts/support/wreqrHelper.js":{"path":"./spec/javascripts/support/wreqrHelper.js","s":{"1":1,"2":1},"b":{},"f":{"1":1},"fnMap":{"1":{"name":"(anonymous_1)","line":1,"loc":{"start":{"line":1,"column":1},"end":{"line":1,"column":17}}}},"statementMap":{"1":{"start":{"line":1,"column":0},"end":{"line":3,"column":9}},"2":{"start":{"line":2,"column":2},"end":{"line":2,"column":32}}},"branchMap":{}},"./src/wreqr.handlers.js":{"path":"./src/wreqr.handlers.js","s":{"1":1,"2":1,"3":22,"4":22,"5":22,"6":0,"7":1,"8":1,"9":3,"10":5,"11":5,"12":1,"13":1,"14":5,"15":19,"16":19,"17":19,"18":11,"19":16,"20":16,"21":4,"22":12,"23":12,"24":12,"25":1,"26":1,"27":1},"b":{"1":[0,22],"2":[1,4],"3":[5,5],"4":[4,12]},"f":{"1":1,"2":22,"3":3,"4":5,"5":19,"6":11,"7":16,"8":12,"9":1,"10":1},"fnMap":{"1":{"name":"(anonymous_1)","line":5,"loc":{"start":{"line":5,"column":18},"end":{"line":5,"column":39}}},"2":{"name":"(anonymous_2)","line":11,"loc":{"start":{"line":11,"column":17},"end":{"line":11,"column":34}}},"3":{"name":"(anonymous_3)","line":28,"loc":{"start":{"line":28,"column":17},"end":{"line":28,"column":35}}},"4":{"name":"(anonymous_4)","line":29,"loc":{"start":{"line":29,"column":23},"end":{"line":29,"column":46}}},"5":{"name":"(anonymous_5)","line":43,"loc":{"start":{"line":43,"column":16},"end":{"line":43,"column":48}}},"6":{"name":"(anonymous_6)","line":55,"loc":{"start":{"line":55,"column":16},"end":{"line":55,"column":30}}},"7":{"name":"(anonymous_7)","line":62,"loc":{"start":{"line":62,"column":16},"end":{"line":62,"column":30}}},"8":{"name":"(anonymous_8)","line":69,"loc":{"start":{"line":69,"column":13},"end":{"line":69,"column":23}}},"9":{"name":"(anonymous_9)","line":76,"loc":{"start":{"line":76,"column":19},"end":{"line":76,"column":33}}},"10":{"name":"(anonymous_10)","line":81,"loc":{"start":{"line":81,"column":23},"end":{"line":81,"column":33}}}},"statementMap":{"1":{"start":{"line":5,"column":0},"end":{"line":87,"column":16}},"2":{"start":{"line":11,"column":2},"end":{"line":18,"column":4}},"3":{"start":{"line":12,"column":4},"end":{"line":12,"column":27}},"4":{"start":{"line":13,"column":4},"end":{"line":13,"column":29}},"5":{"start":{"line":15,"column":4},"end":{"line":17,"column":5}},"6":{"start":{"line":16,"column":6},"end":{"line":16,"column":31}},"7":{"start":{"line":20,"column":2},"end":{"line":20,"column":42}},"8":{"start":{"line":25,"column":2},"end":{"line":84,"column":5}},"9":{"start":{"line":29,"column":6},"end":{"line":38,"column":15}},"10":{"start":{"line":30,"column":8},"end":{"line":30,"column":27}},"11":{"start":{"line":32,"column":8},"end":{"line":35,"column":9}},"12":{"start":{"line":33,"column":10},"end":{"line":33,"column":36}},"13":{"start":{"line":34,"column":10},"end":{"line":34,"column":37}},"14":{"start":{"line":37,"column":8},"end":{"line":37,"column":48}},"15":{"start":{"line":44,"column":6},"end":{"line":47,"column":8}},"16":{"start":{"line":49,"column":6},"end":{"line":49,"column":41}},"17":{"start":{"line":51,"column":6},"end":{"line":51,"column":58}},"18":{"start":{"line":56,"column":6},"end":{"line":56,"column":42}},"19":{"start":{"line":63,"column":6},"end":{"line":63,"column":45}},"20":{"start":{"line":65,"column":6},"end":{"line":67,"column":7}},"21":{"start":{"line":66,"column":8},"end":{"line":66,"column":15}},"22":{"start":{"line":69,"column":6},"end":{"line":72,"column":8}},"23":{"start":{"line":70,"column":8},"end":{"line":70,"column":58}},"24":{"start":{"line":71,"column":8},"end":{"line":71,"column":59}},"25":{"start":{"line":77,"column":6},"end":{"line":77,"column":39}},"26":{"start":{"line":82,"column":6},"end":{"line":82,"column":31}},"27":{"start":{"line":86,"column":2},"end":{"line":86,"column":18}}},"branchMap":{"1":{"line":15,"type":"if","locations":[{"start":{"line":15,"column":4},"end":{"line":15,"column":4}},{"start":{"line":15,"column":4},"end":{"line":15,"column":4}}]},"2":{"line":32,"type":"if","locations":[{"start":{"line":32,"column":8},"end":{"line":32,"column":8}},{"start":{"line":32,"column":8},"end":{"line":32,"column":8}}]},"3":{"line":32,"type":"binary-expr","locations":[{"start":{"line":32,"column":12},"end":{"line":32,"column":31}},{"start":{"line":32,"column":35},"end":{"line":32,"column":57}}]},"4":{"line":65,"type":"if","locations":[{"start":{"line":65,"column":6},"end":{"line":65,"column":6}},{"start":{"line":65,"column":6},"end":{"line":65,"column":6}}]}}},"./src/wreqr.commandStorage.js":{"path":"./src/wreqr.commandStorage.js","s":{"1":1,"2":1,"3":6,"4":6,"5":6,"6":0,"7":1,"8":15,"9":15,"10":6,"11":6,"12":15,"13":3,"14":3,"15":5,"16":5,"17":1},"b":{"1":[0,6],"2":[6,9]},"f":{"1":1,"2":6,"3":15,"4":3,"5":5},"fnMap":{"1":{"name":"(anonymous_1)","line":5,"loc":{"start":{"line":5,"column":24},"end":{"line":5,"column":34}}},"2":{"name":"(anonymous_2)","line":9,"loc":{"start":{"line":9,"column":23},"end":{"line":9,"column":40}}},"3":{"name":"(anonymous_3)","line":24,"loc":{"start":{"line":24,"column":17},"end":{"line":24,"column":38}}},"4":{"name":"(anonymous_4)","line":45,"loc":{"start":{"line":45,"column":16},"end":{"line":45,"column":43}}},"5":{"name":"(anonymous_5)","line":51,"loc":{"start":{"line":51,"column":19},"end":{"line":51,"column":40}}}},"statementMap":{"1":{"start":{"line":5,"column":0},"end":{"line":58,"column":5}},"2":{"start":{"line":9,"column":2},"end":{"line":16,"column":4}},"3":{"start":{"line":10,"column":4},"end":{"line":10,"column":27}},"4":{"start":{"line":11,"column":4},"end":{"line":11,"column":24}},"5":{"start":{"line":13,"column":4},"end":{"line":15,"column":5}},"6":{"start":{"line":14,"column":6},"end":{"line":14,"column":31}},"7":{"start":{"line":19,"column":2},"end":{"line":55,"column":5}},"8":{"start":{"line":25,"column":6},"end":{"line":25,"column":49}},"9":{"start":{"line":28,"column":6},"end":{"line":38,"column":7}},"10":{"start":{"line":31,"column":8},"end":{"line":34,"column":10}},"11":{"start":{"line":37,"column":8},"end":{"line":37,"column":47}},"12":{"start":{"line":40,"column":6},"end":{"line":40,"column":22}},"13":{"start":{"line":46,"column":6},"end":{"line":46,"column":50}},"14":{"start":{"line":47,"column":6},"end":{"line":47,"column":35}},"15":{"start":{"line":52,"column":6},"end":{"line":52,"column":50}},"16":{"start":{"line":53,"column":6},"end":{"line":53,"column":29}},"17":{"start":{"line":57,"column":2},"end":{"line":57,"column":24}}},"branchMap":{"1":{"line":13,"type":"if","locations":[{"start":{"line":13,"column":4},"end":{"line":13,"column":4}},{"start":{"line":13,"column":4},"end":{"line":13,"column":4}}]},"2":{"line":28,"type":"if","locations":[{"start":{"line":28,"column":6},"end":{"line":28,"column":6}},{"start":{"line":28,"column":6},"end":{"line":28,"column":6}}]}}},"./src/wreqr.commands.js":{"path":"./src/wreqr.commands.js","s":{"1":1,"2":1,"3":10,"4":10,"5":10,"6":10,"7":10,"8":6,"9":6,"10":6,"11":3,"12":3,"13":5,"14":5,"15":2,"16":5,"17":10,"18":10,"19":10,"20":8,"21":2,"22":10},"b":{"1":[10,8],"2":[3,3],"3":[10,8],"4":[8,2]},"f":{"1":1,"2":10,"3":6,"4":5,"5":2,"6":10},"fnMap":{"1":{"name":"(anonymous_1)","line":6,"loc":{"start":{"line":6,"column":18},"end":{"line":6,"column":33}}},"2":{"name":"(anonymous_2)","line":13,"loc":{"start":{"line":13,"column":17},"end":{"line":13,"column":34}}},"3":{"name":"(anonymous_3)","line":24,"loc":{"start":{"line":24,"column":13},"end":{"line":24,"column":33}}},"4":{"name":"(anonymous_4)","line":37,"loc":{"start":{"line":37,"column":22},"end":{"line":37,"column":54}}},"5":{"name":"(anonymous_5)","line":41,"loc":{"start":{"line":41,"column":32},"end":{"line":41,"column":46}}},"6":{"name":"(anonymous_6)","line":50,"loc":{"start":{"line":50,"column":24},"end":{"line":50,"column":41}}}},"statementMap":{"1":{"start":{"line":6,"column":0},"end":{"line":64,"column":10}},"2":{"start":{"line":9,"column":2},"end":{"line":62,"column":5}},"3":{"start":{"line":14,"column":6},"end":{"line":14,"column":35}},"4":{"start":{"line":16,"column":6},"end":{"line":16,"column":44}},"5":{"start":{"line":17,"column":6},"end":{"line":17,"column":58}},"6":{"start":{"line":19,"column":6},"end":{"line":19,"column":55}},"7":{"start":{"line":20,"column":6},"end":{"line":20,"column":61}},"8":{"start":{"line":25,"column":6},"end":{"line":25,"column":26}},"9":{"start":{"line":26,"column":6},"end":{"line":26,"column":54}},"10":{"start":{"line":28,"column":6},"end":{"line":32,"column":7}},"11":{"start":{"line":29,"column":8},"end":{"line":29,"column":48}},"12":{"start":{"line":31,"column":8},"end":{"line":31,"column":44}},"13":{"start":{"line":38,"column":6},"end":{"line":38,"column":51}},"14":{"start":{"line":41,"column":6},"end":{"line":43,"column":9}},"15":{"start":{"line":42,"column":8},"end":{"line":42,"column":37}},"16":{"start":{"line":45,"column":6},"end":{"line":45,"column":39}},"17":{"start":{"line":51,"column":6},"end":{"line":51,"column":18}},"18":{"start":{"line":53,"column":6},"end":{"line":53,"column":64}},"19":{"start":{"line":54,"column":6},"end":{"line":58,"column":7}},"20":{"start":{"line":55,"column":8},"end":{"line":55,"column":36}},"21":{"start":{"line":57,"column":8},"end":{"line":57,"column":30}},"22":{"start":{"line":60,"column":6},"end":{"line":60,"column":29}}},"branchMap":{"1":{"line":14,"type":"binary-expr","locations":[{"start":{"line":14,"column":21},"end":{"line":14,"column":28}},{"start":{"line":14,"column":32},"end":{"line":14,"column":34}}]},"2":{"line":28,"type":"if","locations":[{"start":{"line":28,"column":6},"end":{"line":28,"column":6}},{"start":{"line":28,"column":6},"end":{"line":28,"column":6}}]},"3":{"line":53,"type":"binary-expr","locations":[{"start":{"line":53,"column":24},"end":{"line":53,"column":43}},{"start":{"line":53,"column":47},"end":{"line":53,"column":63}}]},"4":{"line":54,"type":"if","locations":[{"start":{"line":54,"column":6},"end":{"line":54,"column":6}},{"start":{"line":54,"column":6},"end":{"line":54,"column":6}}]}}},"./src/wreqr.eventaggregator.js":{"path":"./src/wreqr.eventaggregator.js","s":{"1":1,"2":1,"3":1,"4":1,"5":1},"b":{},"f":{"1":1,"2":2},"fnMap":{"1":{"name":"(anonymous_1)","line":6,"loc":{"start":{"line":6,"column":25},"end":{"line":6,"column":46}}},"2":{"name":"(anonymous_2)","line":8,"loc":{"start":{"line":8,"column":11},"end":{"line":8,"column":21}}}},"statementMap":{"1":{"start":{"line":6,"column":0},"end":{"line":17,"column":16}},"2":{"start":{"line":8,"column":2},"end":{"line":8,"column":24}},"3":{"start":{"line":11,"column":2},"end":{"line":11,"column":36}},"4":{"start":{"line":14,"column":2},"end":{"line":14,"column":42}},"5":{"start":{"line":16,"column":2},"end":{"line":16,"column":12}}},"branchMap":{}},"./src/wreqr.requestresponse.js":{"path":"./src/wreqr.requestresponse.js","s":{"1":1,"2":1,"3":3,"4":3,"5":3,"6":3},"b":{"1":[3,0]},"f":{"1":1,"2":3},"fnMap":{"1":{"name":"(anonymous_1)","line":6,"loc":{"start":{"line":6,"column":25},"end":{"line":6,"column":40}}},"2":{"name":"(anonymous_2)","line":10,"loc":{"start":{"line":10,"column":13},"end":{"line":10,"column":23}}}},"statementMap":{"1":{"start":{"line":6,"column":0},"end":{"line":19,"column":10}},"2":{"start":{"line":9,"column":2},"end":{"line":17,"column":5}},"3":{"start":{"line":11,"column":6},"end":{"line":11,"column":30}},"4":{"start":{"line":12,"column":6},"end":{"line":12,"column":58}},"5":{"start":{"line":13,"column":6},"end":{"line":15,"column":7}},"6":{"start":{"line":14,"column":8},"end":{"line":14,"column":55}}},"branchMap":{"1":{"line":13,"type":"if","locations":[{"start":{"line":13,"column":6},"end":{"line":13,"column":6}},{"start":{"line":13,"column":6},"end":{"line":13,"column":6}}]}}}}