{"./src/amd.js":{"path":"./src/amd.js","s":{"1":1,"2":1,"3":0,"4":0,"5":0,"6":1,"7":0,"8":0,"9":0},"b":{"1":[0,1],"2":[0,1],"3":[1,0]},"f":{"1":1,"2":0},"fnMap":{"1":{"name":"(anonymous_1)","line":1,"loc":{"start":{"line":1,"column":1},"end":{"line":1,"column":26}}},"2":{"name":"(anonymous_2)","line":14,"loc":{"start":{"line":14,"column":8},"end":{"line":14,"column":31}}}},"statementMap":{"1":{"start":{"line":1,"column":0},"end":{"line":20,"column":4}},"2":{"start":{"line":2,"column":2},"end":{"line":13,"column":3}},"3":{"start":{"line":4,"column":4},"end":{"line":4,"column":43}},"4":{"start":{"line":5,"column":4},"end":{"line":5,"column":39}},"5":{"start":{"line":7,"column":4},"end":{"line":7,"column":51}},"6":{"start":{"line":9,"column":9},"end":{"line":13,"column":3}},"7":{"start":{"line":11,"column":4},"end":{"line":11,"column":48}},"8":{"start":{"line":15,"column":2},"end":{"line":15,"column":18}},"9":{"start":{"line":18,"column":2},"end":{"line":18,"column":37}}},"branchMap":{"1":{"line":2,"type":"if","locations":[{"start":{"line":2,"column":2},"end":{"line":2,"column":2}},{"start":{"line":2,"column":2},"end":{"line":2,"column":2}}]},"2":{"line":9,"type":"if","locations":[{"start":{"line":9,"column":9},"end":{"line":9,"column":9}},{"start":{"line":9,"column":9},"end":{"line":9,"column":9}}]},"3":{"line":9,"type":"binary-expr","locations":[{"start":{"line":9,"column":13},"end":{"line":9,"column":41}},{"start":{"line":9,"column":45},"end":{"line":9,"column":55}}]}}},"./src/childviewcontainer.js":{"path":"./src/childviewcontainer.js","s":{"1":1,"2":1,"3":19,"4":19,"5":19,"6":19,"7":19,"8":1,"9":25,"10":25,"11":25,"12":6,"13":25,"14":7,"15":25,"16":25,"17":2,"18":2,"19":2,"20":2,"21":2,"22":3,"23":8,"24":5,"25":5,"26":5,"27":5,"28":4,"29":4,"30":4,"31":5,"32":5,"33":5,"34":3,"35":5,"36":10,"37":9,"38":49,"39":1,"40":1,"41":23,"42":2,"43":2,"44":2,"45":1},"b":{"1":[6,19],"2":[7,18],"3":[5,0],"4":[4,0],"5":[9,1],"6":[9,0]},"f":{"1":1,"2":19,"3":25,"4":2,"5":2,"6":2,"7":3,"8":8,"9":5,"10":4,"11":3,"12":5,"13":10,"14":49,"15":23,"16":2},"fnMap":{"1":{"name":"(anonymous_1)","line":7,"loc":{"start":{"line":7,"column":31},"end":{"line":7,"column":52}}},"2":{"name":"(anonymous_2)","line":12,"loc":{"start":{"line":12,"column":18},"end":{"line":12,"column":33}}},"3":{"name":"(anonymous_3)","line":30,"loc":{"start":{"line":30,"column":9},"end":{"line":30,"column":36}}},"4":{"name":"(anonymous_4)","line":52,"loc":{"start":{"line":52,"column":17},"end":{"line":52,"column":32}}},"5":{"name":"(anonymous_5)","line":59,"loc":{"start":{"line":59,"column":20},"end":{"line":59,"column":38}}},"6":{"name":"(anonymous_6)","line":65,"loc":{"start":{"line":65,"column":18},"end":{"line":65,"column":33}}},"7":{"name":"(anonymous_7)","line":72,"loc":{"start":{"line":72,"column":17},"end":{"line":72,"column":32}}},"8":{"name":"(anonymous_8)","line":77,"loc":{"start":{"line":77,"column":15},"end":{"line":77,"column":28}}},"9":{"name":"(anonymous_9)","line":82,"loc":{"start":{"line":82,"column":12},"end":{"line":82,"column":26}}},"10":{"name":"(anonymous_10)","line":91,"loc":{"start":{"line":91,"column":33},"end":{"line":91,"column":52}}},"11":{"name":"(anonymous_11)","line":109,"loc":{"start":{"line":109,"column":10},"end":{"line":109,"column":26}}},"12":{"name":"(anonymous_12)","line":116,"loc":{"start":{"line":116,"column":11},"end":{"line":116,"column":33}}},"13":{"name":"(anonymous_13)","line":117,"loc":{"start":{"line":117,"column":26},"end":{"line":117,"column":40}}},"14":{"name":"(anonymous_14)","line":125,"loc":{"start":{"line":125,"column":19},"end":{"line":125,"column":29}}},"15":{"name":"(anonymous_15)","line":140,"loc":{"start":{"line":140,"column":18},"end":{"line":140,"column":35}}},"16":{"name":"(anonymous_16)","line":141,"loc":{"start":{"line":141,"column":34},"end":{"line":141,"column":45}}}},"statementMap":{"1":{"start":{"line":7,"column":0},"end":{"line":150,"column":16}},"2":{"start":{"line":12,"column":2},"end":{"line":19,"column":4}},"3":{"start":{"line":13,"column":4},"end":{"line":13,"column":21}},"4":{"start":{"line":14,"column":4},"end":{"line":14,"column":28}},"5":{"start":{"line":15,"column":4},"end":{"line":15,"column":29}},"6":{"start":{"line":16,"column":4},"end":{"line":16,"column":25}},"7":{"start":{"line":18,"column":4},"end":{"line":18,"column":34}},"8":{"start":{"line":24,"column":2},"end":{"line":128,"column":5}},"9":{"start":{"line":31,"column":6},"end":{"line":31,"column":29}},"10":{"start":{"line":34,"column":6},"end":{"line":34,"column":34}},"11":{"start":{"line":37,"column":6},"end":{"line":39,"column":7}},"12":{"start":{"line":38,"column":8},"end":{"line":38,"column":53}},"13":{"start":{"line":42,"column":6},"end":{"line":44,"column":7}},"14":{"start":{"line":43,"column":8},"end":{"line":43,"column":51}},"15":{"start":{"line":46,"column":6},"end":{"line":46,"column":27}},"16":{"start":{"line":47,"column":6},"end":{"line":47,"column":18}},"17":{"start":{"line":53,"column":6},"end":{"line":53,"column":44}},"18":{"start":{"line":60,"column":6},"end":{"line":60,"column":49}},"19":{"start":{"line":61,"column":6},"end":{"line":61,"column":37}},"20":{"start":{"line":66,"column":6},"end":{"line":66,"column":47}},"21":{"start":{"line":67,"column":6},"end":{"line":67,"column":37}},"22":{"start":{"line":73,"column":6},"end":{"line":73,"column":42}},"23":{"start":{"line":78,"column":6},"end":{"line":78,"column":30}},"24":{"start":{"line":83,"column":6},"end":{"line":83,"column":29}},"25":{"start":{"line":86,"column":6},"end":{"line":88,"column":7}},"26":{"start":{"line":87,"column":8},"end":{"line":87,"column":50}},"27":{"start":{"line":91,"column":6},"end":{"line":96,"column":15}},"28":{"start":{"line":92,"column":8},"end":{"line":95,"column":9}},"29":{"start":{"line":93,"column":10},"end":{"line":93,"column":42}},"30":{"start":{"line":94,"column":10},"end":{"line":94,"column":22}},"31":{"start":{"line":99,"column":6},"end":{"line":99,"column":34}},"32":{"start":{"line":102,"column":6},"end":{"line":102,"column":27}},"33":{"start":{"line":103,"column":6},"end":{"line":103,"column":18}},"34":{"start":{"line":110,"column":6},"end":{"line":110,"column":44}},"35":{"start":{"line":117,"column":6},"end":{"line":121,"column":9}},"36":{"start":{"line":118,"column":8},"end":{"line":120,"column":9}},"37":{"start":{"line":119,"column":10},"end":{"line":119,"column":47}},"38":{"start":{"line":126,"column":6},"end":{"line":126,"column":40}},"39":{"start":{"line":135,"column":2},"end":{"line":138,"column":43}},"40":{"start":{"line":140,"column":2},"end":{"line":146,"column":5}},"41":{"start":{"line":141,"column":4},"end":{"line":145,"column":6}},"42":{"start":{"line":142,"column":6},"end":{"line":142,"column":40}},"43":{"start":{"line":143,"column":6},"end":{"line":143,"column":54}},"44":{"start":{"line":144,"column":6},"end":{"line":144,"column":38}},"45":{"start":{"line":149,"column":2},"end":{"line":149,"column":19}}},"branchMap":{"1":{"line":37,"type":"if","locations":[{"start":{"line":37,"column":6},"end":{"line":37,"column":6}},{"start":{"line":37,"column":6},"end":{"line":37,"column":6}}]},"2":{"line":42,"type":"if","locations":[{"start":{"line":42,"column":6},"end":{"line":42,"column":6}},{"start":{"line":42,"column":6},"end":{"line":42,"column":6}}]},"3":{"line":86,"type":"if","locations":[{"start":{"line":86,"column":6},"end":{"line":86,"column":6}},{"start":{"line":86,"column":6},"end":{"line":86,"column":6}}]},"4":{"line":92,"type":"if","locations":[{"start":{"line":92,"column":8},"end":{"line":92,"column":8}},{"start":{"line":92,"column":8},"end":{"line":92,"column":8}}]},"5":{"line":118,"type":"if","locations":[{"start":{"line":118,"column":8},"end":{"line":118,"column":8}},{"start":{"line":118,"column":8},"end":{"line":118,"column":8}}]},"6":{"line":119,"type":"binary-expr","locations":[{"start":{"line":119,"column":35},"end":{"line":119,"column":39}},{"start":{"line":119,"column":43},"end":{"line":119,"column":45}}]}}}}